mode: atomic
github.com/martintama/domain-checker/internal/whois.go:10.41,17.16 5 0
github.com/martintama/domain-checker/internal/whois.go:17.16,20.3 2 0
github.com/martintama/domain-checker/internal/whois.go:21.2,23.20 2 0
github.com/martintama/domain-checker/aws/lambda.go:10.82,13.9 2 0
github.com/martintama/domain-checker/aws/lambda.go:13.9,15.3 1 0
github.com/martintama/domain-checker/aws/lambda.go:18.2,18.33 1 0
github.com/martintama/domain-checker/main.go:24.33,25.49 1 2
github.com/martintama/domain-checker/main.go:25.49,27.3 1 1
github.com/martintama/domain-checker/main.go:28.2,28.16 1 1
github.com/martintama/domain-checker/main.go:31.13,35.17 2 0
github.com/martintama/domain-checker/main.go:36.18,38.34 1 0
github.com/martintama/domain-checker/main.go:39.15,41.47 1 0
github.com/martintama/domain-checker/main.go:41.47,44.4 2 0
github.com/martintama/domain-checker/cmd/cli.go:10.41,17.16 5 1
github.com/martintama/domain-checker/cmd/cli.go:17.16,20.3 2 0
github.com/martintama/domain-checker/cmd/cli.go:21.2,23.20 2 1
